-------------------------------------------------------------------------------
Test set: nz.ac.auckland.concert.client.service.ConcertServiceTest
-------------------------------------------------------------------------------
Tests run: 18, Failures: 0, Errors: 7, Skipped: 0, Time elapsed: 8.606 sec <<< FAILURE!
testMakeReservation(nz.ac.auckland.concert.client.service.ConcertServiceTest)  Time elapsed: 3.274 sec  <<< ERROR!
javax.ws.rs.ProcessingException: RESTEASY004655: Unable to invoke request
	at org.jboss.resteasy.client.jaxrs.engines.ApacheHttpClient4Engine.invoke(ApacheHttpClient4Engine.java:316)
	at org.jboss.resteasy.client.jaxrs.internal.ClientInvocation.invoke(ClientInvocation.java:462)
	at org.jboss.resteasy.client.jaxrs.internal.ClientInvocationBuilder.post(ClientInvocationBuilder.java:193)
	at nz.ac.auckland.concert.client.service.DefaultService.reserveSeats(DefaultService.java:173)
	at nz.ac.auckland.concert.client.service.ConcertServiceTest.testMakeReservation(ConcertServiceTest.java:230)
	at sun.reflect.NativeMethodAccessorImpl.invoke0(Native Method)
	at sun.reflect.NativeMethodAccessorImpl.invoke(NativeMethodAccessorImpl.java:62)
	at sun.reflect.DelegatingMethodAccessorImpl.invoke(DelegatingMethodAccessorImpl.java:43)
	at java.lang.reflect.Method.invoke(Method.java:498)
	at org.junit.runners.model.FrameworkMethod$1.runReflectiveCall(FrameworkMethod.java:50)
	at org.junit.internal.runners.model.ReflectiveCallable.run(ReflectiveCallable.java:12)
	at org.junit.runners.model.FrameworkMethod.invokeExplosively(FrameworkMethod.java:47)
	at org.junit.internal.runners.statements.InvokeMethod.evaluate(InvokeMethod.java:17)
	at org.junit.internal.runners.statements.RunBefores.evaluate(RunBefores.java:26)
	at org.junit.internal.runners.statements.RunAfters.evaluate(RunAfters.java:27)
	at org.junit.runners.ParentRunner.runLeaf(ParentRunner.java:325)
	at org.junit.runners.BlockJUnit4ClassRunner.runChild(BlockJUnit4ClassRunner.java:78)
	at org.junit.runners.BlockJUnit4ClassRunner.runChild(BlockJUnit4ClassRunner.java:57)
	at org.junit.runners.ParentRunner$3.run(ParentRunner.java:290)
	at org.junit.runners.ParentRunner$1.schedule(ParentRunner.java:71)
	at org.junit.runners.ParentRunner.runChildren(ParentRunner.java:288)
	at org.junit.runners.ParentRunner.access$000(ParentRunner.java:58)
	at org.junit.runners.ParentRunner$2.evaluate(ParentRunner.java:268)
	at org.junit.internal.runners.statements.RunBefores.evaluate(RunBefores.java:26)
	at org.junit.internal.runners.statements.RunAfters.evaluate(RunAfters.java:27)
	at org.junit.runners.ParentRunner.run(ParentRunner.java:363)
	at org.apache.maven.surefire.junit4.JUnit4Provider.execute(JUnit4Provider.java:252)
	at org.apache.maven.surefire.junit4.JUnit4Provider.executeTestSet(JUnit4Provider.java:141)
	at org.apache.maven.surefire.junit4.JUnit4Provider.invoke(JUnit4Provider.java:112)
	at sun.reflect.NativeMethodAccessorImpl.invoke0(Native Method)
	at sun.reflect.NativeMethodAccessorImpl.invoke(NativeMethodAccessorImpl.java:62)
	at sun.reflect.DelegatingMethodAccessorImpl.invoke(DelegatingMethodAccessorImpl.java:43)
	at java.lang.reflect.Method.invoke(Method.java:498)
	at org.apache.maven.surefire.util.ReflectionUtils.invokeMethodWithArray(ReflectionUtils.java:189)
	at org.apache.maven.surefire.booter.ProviderFactory$ProviderProxy.invoke(ProviderFactory.java:165)
	at org.apache.maven.surefire.booter.ProviderFactory.invokeProvider(ProviderFactory.java:85)
	at org.apache.maven.surefire.booter.ForkedBooter.runSuitesInProcess(ForkedBooter.java:115)
	at org.apache.maven.surefire.booter.ForkedBooter.main(ForkedBooter.java:75)
Caused by: javax.ws.rs.ProcessingException: RESTEASY003215: could not find writer for content-type application/xml type: nz.ac.auckland.concert.common.dto.ReservationRequestDTO
	at org.jboss.resteasy.core.interception.jaxrs.ClientWriterInterceptorContext.throwWriterNotFoundException(ClientWriterInterceptorContext.java:40)
	at org.jboss.resteasy.core.interception.jaxrs.AbstractWriterInterceptorContext.getWriter(AbstractWriterInterceptorContext.java:146)
	at org.jboss.resteasy.core.interception.jaxrs.AbstractWriterInterceptorContext.proceed(AbstractWriterInterceptorContext.java:121)
	at org.jboss.resteasy.client.jaxrs.internal.ClientInvocation.writeRequestBody(ClientInvocation.java:390)
	at org.jboss.resteasy.client.jaxrs.engines.ApacheHttpClient4Engine.writeRequestBodyToOutputStream(ApacheHttpClient4Engine.java:630)
	at org.jboss.resteasy.client.jaxrs.engines.ApacheHttpClient4Engine.buildEntity(ApacheHttpClient4Engine.java:595)
	at org.jboss.resteasy.client.jaxrs.engines.ApacheHttpClient4Engine.loadHttpMethod(ApacheHttpClient4Engine.java:483)
	at org.jboss.resteasy.client.jaxrs.engines.ApacheHttpClient4Engine.invoke(ApacheHttpClient4Engine.java:305)
	... 37 more

testMakeReservationWhereSeatsAreNotAvailable(nz.ac.auckland.concert.client.service.ConcertServiceTest)  Time elapsed: 0.292 sec  <<< ERROR!
javax.ws.rs.ProcessingException: RESTEASY004655: Unable to invoke request
	at org.jboss.resteasy.client.jaxrs.engines.ApacheHttpClient4Engine.invoke(ApacheHttpClient4Engine.java:316)
	at org.jboss.resteasy.client.jaxrs.internal.ClientInvocation.invoke(ClientInvocation.java:462)
	at org.jboss.resteasy.client.jaxrs.internal.ClientInvocationBuilder.post(ClientInvocationBuilder.java:193)
	at nz.ac.auckland.concert.client.service.DefaultService.reserveSeats(DefaultService.java:173)
	at nz.ac.auckland.concert.client.service.ConcertServiceTest.testMakeReservationWhereSeatsAreNotAvailable(ConcertServiceTest.java:279)
	at sun.reflect.NativeMethodAccessorImpl.invoke0(Native Method)
	at sun.reflect.NativeMethodAccessorImpl.invoke(NativeMethodAccessorImpl.java:62)
	at sun.reflect.DelegatingMethodAccessorImpl.invoke(DelegatingMethodAccessorImpl.java:43)
	at java.lang.reflect.Method.invoke(Method.java:498)
	at org.junit.runners.model.FrameworkMethod$1.runReflectiveCall(FrameworkMethod.java:50)
	at org.junit.internal.runners.model.ReflectiveCallable.run(ReflectiveCallable.java:12)
	at org.junit.runners.model.FrameworkMethod.invokeExplosively(FrameworkMethod.java:47)
	at org.junit.internal.runners.statements.InvokeMethod.evaluate(InvokeMethod.java:17)
	at org.junit.internal.runners.statements.RunBefores.evaluate(RunBefores.java:26)
	at org.junit.internal.runners.statements.RunAfters.evaluate(RunAfters.java:27)
	at org.junit.runners.ParentRunner.runLeaf(ParentRunner.java:325)
	at org.junit.runners.BlockJUnit4ClassRunner.runChild(BlockJUnit4ClassRunner.java:78)
	at org.junit.runners.BlockJUnit4ClassRunner.runChild(BlockJUnit4ClassRunner.java:57)
	at org.junit.runners.ParentRunner$3.run(ParentRunner.java:290)
	at org.junit.runners.ParentRunner$1.schedule(ParentRunner.java:71)
	at org.junit.runners.ParentRunner.runChildren(ParentRunner.java:288)
	at org.junit.runners.ParentRunner.access$000(ParentRunner.java:58)
	at org.junit.runners.ParentRunner$2.evaluate(ParentRunner.java:268)
	at org.junit.internal.runners.statements.RunBefores.evaluate(RunBefores.java:26)
	at org.junit.internal.runners.statements.RunAfters.evaluate(RunAfters.java:27)
	at org.junit.runners.ParentRunner.run(ParentRunner.java:363)
	at org.apache.maven.surefire.junit4.JUnit4Provider.execute(JUnit4Provider.java:252)
	at org.apache.maven.surefire.junit4.JUnit4Provider.executeTestSet(JUnit4Provider.java:141)
	at org.apache.maven.surefire.junit4.JUnit4Provider.invoke(JUnit4Provider.java:112)
	at sun.reflect.NativeMethodAccessorImpl.invoke0(Native Method)
	at sun.reflect.NativeMethodAccessorImpl.invoke(NativeMethodAccessorImpl.java:62)
	at sun.reflect.DelegatingMethodAccessorImpl.invoke(DelegatingMethodAccessorImpl.java:43)
	at java.lang.reflect.Method.invoke(Method.java:498)
	at org.apache.maven.surefire.util.ReflectionUtils.invokeMethodWithArray(ReflectionUtils.java:189)
	at org.apache.maven.surefire.booter.ProviderFactory$ProviderProxy.invoke(ProviderFactory.java:165)
	at org.apache.maven.surefire.booter.ProviderFactory.invokeProvider(ProviderFactory.java:85)
	at org.apache.maven.surefire.booter.ForkedBooter.runSuitesInProcess(ForkedBooter.java:115)
	at org.apache.maven.surefire.booter.ForkedBooter.main(ForkedBooter.java:75)
Caused by: javax.ws.rs.ProcessingException: RESTEASY003215: could not find writer for content-type application/xml type: nz.ac.auckland.concert.common.dto.ReservationRequestDTO
	at org.jboss.resteasy.core.interception.jaxrs.ClientWriterInterceptorContext.throwWriterNotFoundException(ClientWriterInterceptorContext.java:40)
	at org.jboss.resteasy.core.interception.jaxrs.AbstractWriterInterceptorContext.getWriter(AbstractWriterInterceptorContext.java:146)
	at org.jboss.resteasy.core.interception.jaxrs.AbstractWriterInterceptorContext.proceed(AbstractWriterInterceptorContext.java:121)
	at org.jboss.resteasy.client.jaxrs.internal.ClientInvocation.writeRequestBody(ClientInvocation.java:390)
	at org.jboss.resteasy.client.jaxrs.engines.ApacheHttpClient4Engine.writeRequestBodyToOutputStream(ApacheHttpClient4Engine.java:630)
	at org.jboss.resteasy.client.jaxrs.engines.ApacheHttpClient4Engine.buildEntity(ApacheHttpClient4Engine.java:595)
	at org.jboss.resteasy.client.jaxrs.engines.ApacheHttpClient4Engine.loadHttpMethod(ApacheHttpClient4Engine.java:483)
	at org.jboss.resteasy.client.jaxrs.engines.ApacheHttpClient4Engine.invoke(ApacheHttpClient4Engine.java:305)
	... 37 more

testConfirmBookingWithExpiredReservation(nz.ac.auckland.concert.client.service.ConcertServiceTest)  Time elapsed: 0.472 sec  <<< ERROR!
nz.ac.auckland.concert.client.service.ServiceException: Unable to contact remote Service
	at nz.ac.auckland.concert.client.service.DefaultService.getBookings(DefaultService.java:278)
	at nz.ac.auckland.concert.client.service.ConcertServiceTest.testConfirmBookingWithExpiredReservation(ConcertServiceTest.java:376)
	at sun.reflect.NativeMethodAccessorImpl.invoke0(Native Method)
	at sun.reflect.NativeMethodAccessorImpl.invoke(NativeMethodAccessorImpl.java:62)
	at sun.reflect.DelegatingMethodAccessorImpl.invoke(DelegatingMethodAccessorImpl.java:43)
	at java.lang.reflect.Method.invoke(Method.java:498)
	at org.junit.runners.model.FrameworkMethod$1.runReflectiveCall(FrameworkMethod.java:50)
	at org.junit.internal.runners.model.ReflectiveCallable.run(ReflectiveCallable.java:12)
	at org.junit.runners.model.FrameworkMethod.invokeExplosively(FrameworkMethod.java:47)
	at org.junit.internal.runners.statements.InvokeMethod.evaluate(InvokeMethod.java:17)
	at org.junit.internal.runners.statements.RunBefores.evaluate(RunBefores.java:26)
	at org.junit.internal.runners.statements.RunAfters.evaluate(RunAfters.java:27)
	at org.junit.runners.ParentRunner.runLeaf(ParentRunner.java:325)
	at org.junit.runners.BlockJUnit4ClassRunner.runChild(BlockJUnit4ClassRunner.java:78)
	at org.junit.runners.BlockJUnit4ClassRunner.runChild(BlockJUnit4ClassRunner.java:57)
	at org.junit.runners.ParentRunner$3.run(ParentRunner.java:290)
	at org.junit.runners.ParentRunner$1.schedule(ParentRunner.java:71)
	at org.junit.runners.ParentRunner.runChildren(ParentRunner.java:288)
	at org.junit.runners.ParentRunner.access$000(ParentRunner.java:58)
	at org.junit.runners.ParentRunner$2.evaluate(ParentRunner.java:268)
	at org.junit.internal.runners.statements.RunBefores.evaluate(RunBefores.java:26)
	at org.junit.internal.runners.statements.RunAfters.evaluate(RunAfters.java:27)
	at org.junit.runners.ParentRunner.run(ParentRunner.java:363)
	at org.apache.maven.surefire.junit4.JUnit4Provider.execute(JUnit4Provider.java:252)
	at org.apache.maven.surefire.junit4.JUnit4Provider.executeTestSet(JUnit4Provider.java:141)
	at org.apache.maven.surefire.junit4.JUnit4Provider.invoke(JUnit4Provider.java:112)
	at sun.reflect.NativeMethodAccessorImpl.invoke0(Native Method)
	at sun.reflect.NativeMethodAccessorImpl.invoke(NativeMethodAccessorImpl.java:62)
	at sun.reflect.DelegatingMethodAccessorImpl.invoke(DelegatingMethodAccessorImpl.java:43)
	at java.lang.reflect.Method.invoke(Method.java:498)
	at org.apache.maven.surefire.util.ReflectionUtils.invokeMethodWithArray(ReflectionUtils.java:189)
	at org.apache.maven.surefire.booter.ProviderFactory$ProviderProxy.invoke(ProviderFactory.java:165)
	at org.apache.maven.surefire.booter.ProviderFactory.invokeProvider(ProviderFactory.java:85)
	at org.apache.maven.surefire.booter.ForkedBooter.runSuitesInProcess(ForkedBooter.java:115)
	at org.apache.maven.surefire.booter.ForkedBooter.main(ForkedBooter.java:75)

testMakeReservationWithBadRequest(nz.ac.auckland.concert.client.service.ConcertServiceTest)  Time elapsed: 0.251 sec  <<< ERROR!
javax.ws.rs.ProcessingException: RESTEASY004655: Unable to invoke request
	at org.jboss.resteasy.client.jaxrs.engines.ApacheHttpClient4Engine.invoke(ApacheHttpClient4Engine.java:316)
	at org.jboss.resteasy.client.jaxrs.internal.ClientInvocation.invoke(ClientInvocation.java:462)
	at org.jboss.resteasy.client.jaxrs.internal.ClientInvocationBuilder.post(ClientInvocationBuilder.java:193)
	at nz.ac.auckland.concert.client.service.DefaultService.reserveSeats(DefaultService.java:173)
	at nz.ac.auckland.concert.client.service.ConcertServiceTest.testMakeReservationWithBadRequest(ConcertServiceTest.java:257)
	at sun.reflect.NativeMethodAccessorImpl.invoke0(Native Method)
	at sun.reflect.NativeMethodAccessorImpl.invoke(NativeMethodAccessorImpl.java:62)
	at sun.reflect.DelegatingMethodAccessorImpl.invoke(DelegatingMethodAccessorImpl.java:43)
	at java.lang.reflect.Method.invoke(Method.java:498)
	at org.junit.runners.model.FrameworkMethod$1.runReflectiveCall(FrameworkMethod.java:50)
	at org.junit.internal.runners.model.ReflectiveCallable.run(ReflectiveCallable.java:12)
	at org.junit.runners.model.FrameworkMethod.invokeExplosively(FrameworkMethod.java:47)
	at org.junit.internal.runners.statements.InvokeMethod.evaluate(InvokeMethod.java:17)
	at org.junit.internal.runners.statements.RunBefores.evaluate(RunBefores.java:26)
	at org.junit.internal.runners.statements.RunAfters.evaluate(RunAfters.java:27)
	at org.junit.runners.ParentRunner.runLeaf(ParentRunner.java:325)
	at org.junit.runners.BlockJUnit4ClassRunner.runChild(BlockJUnit4ClassRunner.java:78)
	at org.junit.runners.BlockJUnit4ClassRunner.runChild(BlockJUnit4ClassRunner.java:57)
	at org.junit.runners.ParentRunner$3.run(ParentRunner.java:290)
	at org.junit.runners.ParentRunner$1.schedule(ParentRunner.java:71)
	at org.junit.runners.ParentRunner.runChildren(ParentRunner.java:288)
	at org.junit.runners.ParentRunner.access$000(ParentRunner.java:58)
	at org.junit.runners.ParentRunner$2.evaluate(ParentRunner.java:268)
	at org.junit.internal.runners.statements.RunBefores.evaluate(RunBefores.java:26)
	at org.junit.internal.runners.statements.RunAfters.evaluate(RunAfters.java:27)
	at org.junit.runners.ParentRunner.run(ParentRunner.java:363)
	at org.apache.maven.surefire.junit4.JUnit4Provider.execute(JUnit4Provider.java:252)
	at org.apache.maven.surefire.junit4.JUnit4Provider.executeTestSet(JUnit4Provider.java:141)
	at org.apache.maven.surefire.junit4.JUnit4Provider.invoke(JUnit4Provider.java:112)
	at sun.reflect.NativeMethodAccessorImpl.invoke0(Native Method)
	at sun.reflect.NativeMethodAccessorImpl.invoke(NativeMethodAccessorImpl.java:62)
	at sun.reflect.DelegatingMethodAccessorImpl.invoke(DelegatingMethodAccessorImpl.java:43)
	at java.lang.reflect.Method.invoke(Method.java:498)
	at org.apache.maven.surefire.util.ReflectionUtils.invokeMethodWithArray(ReflectionUtils.java:189)
	at org.apache.maven.surefire.booter.ProviderFactory$ProviderProxy.invoke(ProviderFactory.java:165)
	at org.apache.maven.surefire.booter.ProviderFactory.invokeProvider(ProviderFactory.java:85)
	at org.apache.maven.surefire.booter.ForkedBooter.runSuitesInProcess(ForkedBooter.java:115)
	at org.apache.maven.surefire.booter.ForkedBooter.main(ForkedBooter.java:75)
Caused by: javax.ws.rs.ProcessingException: RESTEASY003215: could not find writer for content-type application/xml type: nz.ac.auckland.concert.common.dto.ReservationRequestDTO
	at org.jboss.resteasy.core.interception.jaxrs.ClientWriterInterceptorContext.throwWriterNotFoundException(ClientWriterInterceptorContext.java:40)
	at org.jboss.resteasy.core.interception.jaxrs.AbstractWriterInterceptorContext.getWriter(AbstractWriterInterceptorContext.java:146)
	at org.jboss.resteasy.core.interception.jaxrs.AbstractWriterInterceptorContext.proceed(AbstractWriterInterceptorContext.java:121)
	at org.jboss.resteasy.client.jaxrs.internal.ClientInvocation.writeRequestBody(ClientInvocation.java:390)
	at org.jboss.resteasy.client.jaxrs.engines.ApacheHttpClient4Engine.writeRequestBodyToOutputStream(ApacheHttpClient4Engine.java:630)
	at org.jboss.resteasy.client.jaxrs.engines.ApacheHttpClient4Engine.buildEntity(ApacheHttpClient4Engine.java:595)
	at org.jboss.resteasy.client.jaxrs.engines.ApacheHttpClient4Engine.loadHttpMethod(ApacheHttpClient4Engine.java:483)
	at org.jboss.resteasy.client.jaxrs.engines.ApacheHttpClient4Engine.invoke(ApacheHttpClient4Engine.java:305)
	... 37 more

testConfirmReservationWithoutRegisteredCreditCard(nz.ac.auckland.concert.client.service.ConcertServiceTest)  Time elapsed: 0.211 sec  <<< ERROR!
nz.ac.auckland.concert.client.service.ServiceException: Unable to contact remote Service
	at nz.ac.auckland.concert.client.service.DefaultService.getBookings(DefaultService.java:278)
	at nz.ac.auckland.concert.client.service.ConcertServiceTest.testConfirmReservationWithoutRegisteredCreditCard(ConcertServiceTest.java:402)
	at sun.reflect.NativeMethodAccessorImpl.invoke0(Native Method)
	at sun.reflect.NativeMethodAccessorImpl.invoke(NativeMethodAccessorImpl.java:62)
	at sun.reflect.DelegatingMethodAccessorImpl.invoke(DelegatingMethodAccessorImpl.java:43)
	at java.lang.reflect.Method.invoke(Method.java:498)
	at org.junit.runners.model.FrameworkMethod$1.runReflectiveCall(FrameworkMethod.java:50)
	at org.junit.internal.runners.model.ReflectiveCallable.run(ReflectiveCallable.java:12)
	at org.junit.runners.model.FrameworkMethod.invokeExplosively(FrameworkMethod.java:47)
	at org.junit.internal.runners.statements.InvokeMethod.evaluate(InvokeMethod.java:17)
	at org.junit.internal.runners.statements.RunBefores.evaluate(RunBefores.java:26)
	at org.junit.internal.runners.statements.RunAfters.evaluate(RunAfters.java:27)
	at org.junit.runners.ParentRunner.runLeaf(ParentRunner.java:325)
	at org.junit.runners.BlockJUnit4ClassRunner.runChild(BlockJUnit4ClassRunner.java:78)
	at org.junit.runners.BlockJUnit4ClassRunner.runChild(BlockJUnit4ClassRunner.java:57)
	at org.junit.runners.ParentRunner$3.run(ParentRunner.java:290)
	at org.junit.runners.ParentRunner$1.schedule(ParentRunner.java:71)
	at org.junit.runners.ParentRunner.runChildren(ParentRunner.java:288)
	at org.junit.runners.ParentRunner.access$000(ParentRunner.java:58)
	at org.junit.runners.ParentRunner$2.evaluate(ParentRunner.java:268)
	at org.junit.internal.runners.statements.RunBefores.evaluate(RunBefores.java:26)
	at org.junit.internal.runners.statements.RunAfters.evaluate(RunAfters.java:27)
	at org.junit.runners.ParentRunner.run(ParentRunner.java:363)
	at org.apache.maven.surefire.junit4.JUnit4Provider.execute(JUnit4Provider.java:252)
	at org.apache.maven.surefire.junit4.JUnit4Provider.executeTestSet(JUnit4Provider.java:141)
	at org.apache.maven.surefire.junit4.JUnit4Provider.invoke(JUnit4Provider.java:112)
	at sun.reflect.NativeMethodAccessorImpl.invoke0(Native Method)
	at sun.reflect.NativeMethodAccessorImpl.invoke(NativeMethodAccessorImpl.java:62)
	at sun.reflect.DelegatingMethodAccessorImpl.invoke(DelegatingMethodAccessorImpl.java:43)
	at java.lang.reflect.Method.invoke(Method.java:498)
	at org.apache.maven.surefire.util.ReflectionUtils.invokeMethodWithArray(ReflectionUtils.java:189)
	at org.apache.maven.surefire.booter.ProviderFactory$ProviderProxy.invoke(ProviderFactory.java:165)
	at org.apache.maven.surefire.booter.ProviderFactory.invokeProvider(ProviderFactory.java:85)
	at org.apache.maven.surefire.booter.ForkedBooter.runSuitesInProcess(ForkedBooter.java:115)
	at org.apache.maven.surefire.booter.ForkedBooter.main(ForkedBooter.java:75)

testMakeReservationWithUnauthenticatedUser(nz.ac.auckland.concert.client.service.ConcertServiceTest)  Time elapsed: 0.222 sec  <<< ERROR!
javax.ws.rs.ProcessingException: RESTEASY004655: Unable to invoke request
	at org.jboss.resteasy.client.jaxrs.engines.ApacheHttpClient4Engine.invoke(ApacheHttpClient4Engine.java:316)
	at org.jboss.resteasy.client.jaxrs.internal.ClientInvocation.invoke(ClientInvocation.java:462)
	at org.jboss.resteasy.client.jaxrs.internal.ClientInvocationBuilder.post(ClientInvocationBuilder.java:193)
	at nz.ac.auckland.concert.client.service.DefaultService.reserveSeats(DefaultService.java:173)
	at nz.ac.auckland.concert.client.service.ConcertServiceTest.testMakeReservationWithUnauthenticatedUser(ConcertServiceTest.java:309)
	at sun.reflect.NativeMethodAccessorImpl.invoke0(Native Method)
	at sun.reflect.NativeMethodAccessorImpl.invoke(NativeMethodAccessorImpl.java:62)
	at sun.reflect.DelegatingMethodAccessorImpl.invoke(DelegatingMethodAccessorImpl.java:43)
	at java.lang.reflect.Method.invoke(Method.java:498)
	at org.junit.runners.model.FrameworkMethod$1.runReflectiveCall(FrameworkMethod.java:50)
	at org.junit.internal.runners.model.ReflectiveCallable.run(ReflectiveCallable.java:12)
	at org.junit.runners.model.FrameworkMethod.invokeExplosively(FrameworkMethod.java:47)
	at org.junit.internal.runners.statements.InvokeMethod.evaluate(InvokeMethod.java:17)
	at org.junit.internal.runners.statements.RunBefores.evaluate(RunBefores.java:26)
	at org.junit.internal.runners.statements.RunAfters.evaluate(RunAfters.java:27)
	at org.junit.runners.ParentRunner.runLeaf(ParentRunner.java:325)
	at org.junit.runners.BlockJUnit4ClassRunner.runChild(BlockJUnit4ClassRunner.java:78)
	at org.junit.runners.BlockJUnit4ClassRunner.runChild(BlockJUnit4ClassRunner.java:57)
	at org.junit.runners.ParentRunner$3.run(ParentRunner.java:290)
	at org.junit.runners.ParentRunner$1.schedule(ParentRunner.java:71)
	at org.junit.runners.ParentRunner.runChildren(ParentRunner.java:288)
	at org.junit.runners.ParentRunner.access$000(ParentRunner.java:58)
	at org.junit.runners.ParentRunner$2.evaluate(ParentRunner.java:268)
	at org.junit.internal.runners.statements.RunBefores.evaluate(RunBefores.java:26)
	at org.junit.internal.runners.statements.RunAfters.evaluate(RunAfters.java:27)
	at org.junit.runners.ParentRunner.run(ParentRunner.java:363)
	at org.apache.maven.surefire.junit4.JUnit4Provider.execute(JUnit4Provider.java:252)
	at org.apache.maven.surefire.junit4.JUnit4Provider.executeTestSet(JUnit4Provider.java:141)
	at org.apache.maven.surefire.junit4.JUnit4Provider.invoke(JUnit4Provider.java:112)
	at sun.reflect.NativeMethodAccessorImpl.invoke0(Native Method)
	at sun.reflect.NativeMethodAccessorImpl.invoke(NativeMethodAccessorImpl.java:62)
	at sun.reflect.DelegatingMethodAccessorImpl.invoke(DelegatingMethodAccessorImpl.java:43)
	at java.lang.reflect.Method.invoke(Method.java:498)
	at org.apache.maven.surefire.util.ReflectionUtils.invokeMethodWithArray(ReflectionUtils.java:189)
	at org.apache.maven.surefire.booter.ProviderFactory$ProviderProxy.invoke(ProviderFactory.java:165)
	at org.apache.maven.surefire.booter.ProviderFactory.invokeProvider(ProviderFactory.java:85)
	at org.apache.maven.surefire.booter.ForkedBooter.runSuitesInProcess(ForkedBooter.java:115)
	at org.apache.maven.surefire.booter.ForkedBooter.main(ForkedBooter.java:75)
Caused by: javax.ws.rs.ProcessingException: RESTEASY003215: could not find writer for content-type application/xml type: nz.ac.auckland.concert.common.dto.ReservationRequestDTO
	at org.jboss.resteasy.core.interception.jaxrs.ClientWriterInterceptorContext.throwWriterNotFoundException(ClientWriterInterceptorContext.java:40)
	at org.jboss.resteasy.core.interception.jaxrs.AbstractWriterInterceptorContext.getWriter(AbstractWriterInterceptorContext.java:146)
	at org.jboss.resteasy.core.interception.jaxrs.AbstractWriterInterceptorContext.proceed(AbstractWriterInterceptorContext.java:121)
	at org.jboss.resteasy.client.jaxrs.internal.ClientInvocation.writeRequestBody(ClientInvocation.java:390)
	at org.jboss.resteasy.client.jaxrs.engines.ApacheHttpClient4Engine.writeRequestBodyToOutputStream(ApacheHttpClient4Engine.java:630)
	at org.jboss.resteasy.client.jaxrs.engines.ApacheHttpClient4Engine.buildEntity(ApacheHttpClient4Engine.java:595)
	at org.jboss.resteasy.client.jaxrs.engines.ApacheHttpClient4Engine.loadHttpMethod(ApacheHttpClient4Engine.java:483)
	at org.jboss.resteasy.client.jaxrs.engines.ApacheHttpClient4Engine.invoke(ApacheHttpClient4Engine.java:305)
	... 37 more

testConfirmReservation(nz.ac.auckland.concert.client.service.ConcertServiceTest)  Time elapsed: 0.209 sec  <<< ERROR!
javax.ws.rs.ProcessingException: RESTEASY004655: Unable to invoke request
	at org.jboss.resteasy.client.jaxrs.engines.ApacheHttpClient4Engine.invoke(ApacheHttpClient4Engine.java:316)
	at org.jboss.resteasy.client.jaxrs.internal.ClientInvocation.invoke(ClientInvocation.java:462)
	at org.jboss.resteasy.client.jaxrs.internal.ClientInvocationBuilder.post(ClientInvocationBuilder.java:193)
	at nz.ac.auckland.concert.client.service.DefaultService.reserveSeats(DefaultService.java:173)
	at nz.ac.auckland.concert.client.service.ConcertServiceTest.testConfirmReservation(ConcertServiceTest.java:330)
	at sun.reflect.NativeMethodAccessorImpl.invoke0(Native Method)
	at sun.reflect.NativeMethodAccessorImpl.invoke(NativeMethodAccessorImpl.java:62)
	at sun.reflect.DelegatingMethodAccessorImpl.invoke(DelegatingMethodAccessorImpl.java:43)
	at java.lang.reflect.Method.invoke(Method.java:498)
	at org.junit.runners.model.FrameworkMethod$1.runReflectiveCall(FrameworkMethod.java:50)
	at org.junit.internal.runners.model.ReflectiveCallable.run(ReflectiveCallable.java:12)
	at org.junit.runners.model.FrameworkMethod.invokeExplosively(FrameworkMethod.java:47)
	at org.junit.internal.runners.statements.InvokeMethod.evaluate(InvokeMethod.java:17)
	at org.junit.internal.runners.statements.RunBefores.evaluate(RunBefores.java:26)
	at org.junit.internal.runners.statements.RunAfters.evaluate(RunAfters.java:27)
	at org.junit.runners.ParentRunner.runLeaf(ParentRunner.java:325)
	at org.junit.runners.BlockJUnit4ClassRunner.runChild(BlockJUnit4ClassRunner.java:78)
	at org.junit.runners.BlockJUnit4ClassRunner.runChild(BlockJUnit4ClassRunner.java:57)
	at org.junit.runners.ParentRunner$3.run(ParentRunner.java:290)
	at org.junit.runners.ParentRunner$1.schedule(ParentRunner.java:71)
	at org.junit.runners.ParentRunner.runChildren(ParentRunner.java:288)
	at org.junit.runners.ParentRunner.access$000(ParentRunner.java:58)
	at org.junit.runners.ParentRunner$2.evaluate(ParentRunner.java:268)
	at org.junit.internal.runners.statements.RunBefores.evaluate(RunBefores.java:26)
	at org.junit.internal.runners.statements.RunAfters.evaluate(RunAfters.java:27)
	at org.junit.runners.ParentRunner.run(ParentRunner.java:363)
	at org.apache.maven.surefire.junit4.JUnit4Provider.execute(JUnit4Provider.java:252)
	at org.apache.maven.surefire.junit4.JUnit4Provider.executeTestSet(JUnit4Provider.java:141)
	at org.apache.maven.surefire.junit4.JUnit4Provider.invoke(JUnit4Provider.java:112)
	at sun.reflect.NativeMethodAccessorImpl.invoke0(Native Method)
	at sun.reflect.NativeMethodAccessorImpl.invoke(NativeMethodAccessorImpl.java:62)
	at sun.reflect.DelegatingMethodAccessorImpl.invoke(DelegatingMethodAccessorImpl.java:43)
	at java.lang.reflect.Method.invoke(Method.java:498)
	at org.apache.maven.surefire.util.ReflectionUtils.invokeMethodWithArray(ReflectionUtils.java:189)
	at org.apache.maven.surefire.booter.ProviderFactory$ProviderProxy.invoke(ProviderFactory.java:165)
	at org.apache.maven.surefire.booter.ProviderFactory.invokeProvider(ProviderFactory.java:85)
	at org.apache.maven.surefire.booter.ForkedBooter.runSuitesInProcess(ForkedBooter.java:115)
	at org.apache.maven.surefire.booter.ForkedBooter.main(ForkedBooter.java:75)
Caused by: javax.ws.rs.ProcessingException: RESTEASY003215: could not find writer for content-type application/xml type: nz.ac.auckland.concert.common.dto.ReservationRequestDTO
	at org.jboss.resteasy.core.interception.jaxrs.ClientWriterInterceptorContext.throwWriterNotFoundException(ClientWriterInterceptorContext.java:40)
	at org.jboss.resteasy.core.interception.jaxrs.AbstractWriterInterceptorContext.getWriter(AbstractWriterInterceptorContext.java:146)
	at org.jboss.resteasy.core.interception.jaxrs.AbstractWriterInterceptorContext.proceed(AbstractWriterInterceptorContext.java:121)
	at org.jboss.resteasy.client.jaxrs.internal.ClientInvocation.writeRequestBody(ClientInvocation.java:390)
	at org.jboss.resteasy.client.jaxrs.engines.ApacheHttpClient4Engine.writeRequestBodyToOutputStream(ApacheHttpClient4Engine.java:630)
	at org.jboss.resteasy.client.jaxrs.engines.ApacheHttpClient4Engine.buildEntity(ApacheHttpClient4Engine.java:595)
	at org.jboss.resteasy.client.jaxrs.engines.ApacheHttpClient4Engine.loadHttpMethod(ApacheHttpClient4Engine.java:483)
	at org.jboss.resteasy.client.jaxrs.engines.ApacheHttpClient4Engine.invoke(ApacheHttpClient4Engine.java:305)
	... 37 more

